<?xml version="1.0" encoding="UTF-8"?>
<!-- Generated by org.testng.reporters.JUnitXMLReporter -->
<testsuite ignored="0" hostname="Lenovo-Ott" failures="0" tests="5" name="Dress" time="30.666" errors="0" timestamp="2022-01-09T14:49:23 EET">
  <testcase classname="AutomationPracticeTest" name="blouseTest" time="5.945"/>
  <testcase classname="AutomationPracticeTest" name="womenProductsTest" time="1.977"/>
  <testcase classname="AutomationPracticeTest" name="dressesTest" time="2.413"/>
  <testcase classname="AutomationPracticeTest" name="pickDressTest" time="5.254"/>
  <testcase classname="AutomationPracticeTest" name="nextInteractivePicture" time="7.096"/>
</testsuite> <!-- Dress -->
