<?xml version="1.0" encoding="UTF-8"?>
<!-- Generated by org.testng.reporters.JUnitXMLReporter -->
<testsuite ignored="0" hostname="Lenovo-Ott" failures="0" tests="5" name="Tests" time="27.416" errors="0" timestamp="2022-01-09T13:53:21 EET">
  <testcase classname="AutomationPracticeTest" name="blouseTest" time="3.418"/>
  <testcase classname="AutomationPracticeTest" name="womenProductsTest" time="2.064"/>
  <testcase classname="AutomationPracticeTest" name="dressesTest" time="2.269"/>
  <testcase classname="AutomationPracticeTest" name="pickDressTest" time="5.476"/>
  <testcase classname="AutomationPracticeTest" name="nextInteractivePicture" time="5.3"/>
</testsuite> <!-- Tests -->
